<?xml version="1.0" encoding="UTF-8"?>
<testsuite xmlns:xsi="http://www.w3.org/2001/XMLSchema-instance" xsi:noNamespaceSchemaLocation="https://maven.apache.org/surefire/maven-surefire-plugin/xsd/surefire-test-report-3.0.xsd" version="3.0" name="wiki.xmum.util.TitleUtilTest" time="0.015" tests="4" errors="0" skipped="0" failures="0">
  <properties>
[...]
</properties>
  <testcase name="blankCategorySlugMeansNoCategory" classname="wiki.xmum.util.TitleUtilTest" time="0.005"/>
  <testcase name="categorySlugRejectsEverythingThatWouldBreakThePagePath" classname="wiki.xmum.util.TitleUtilTest" time="0.0"/>
  <testcase name="categorySlugIsTrimmedAndLengthCapped" classname="wiki.xmum.util.TitleUtilTest" time="0.001"/>
  <testcase name="titleKeepsItsOwnRules" classname="wiki.xmum.util.TitleUtilTest" time="0.0"/>
</testsuite>